[INFO] Error stacktraces are turned on.
[INFO] Scanning for projects...
[INFO] 
[INFO] ---------------------< com.healthrad:frontoffice >----------------------
[INFO] Building frontoffice 0.0.1-SNAPSHOT
[INFO]   from pom.xml
[INFO] --------------------------------[ jar ]---------------------------------
[INFO] 
[INFO] >>> spring-boot:4.0.5:run (default-cli) > test-compile @ frontoffice >>>
[INFO] 
[INFO] --- resources:3.3.1:resources (default-resources) @ frontoffice ---
[INFO] Copying 1 resource from src\main\resources to target\classes
[INFO] Copying 2 resources from src\main\resources to target\classes
[INFO] 
[INFO] --- compiler:3.14.1:compile (default-compile) @ frontoffice ---
[INFO] Nothing to compile - all classes are up to date.
[INFO] 
[INFO] --- resources:3.3.1:testResources (default-testResources) @ frontoffice ---
[INFO] skip non existing resourceDirectory C:\Users\jacop\OneDrive\Desktop\VSCODE\HealtRAD\backend\src\test\resources
[INFO] 
[INFO] --- compiler:3.14.1:testCompile (default-testCompile) @ frontoffice ---
[INFO] Nothing to compile - all classes are up to date.
[INFO] 
[INFO] <<< spring-boot:4.0.5:run (default-cli) < test-compile @ frontoffice <<<
[INFO] 
[INFO] 
[INFO] --- spring-boot:4.0.5:run (default-cli) @ frontoffice ---
[INFO] Attaching agents: []

  .   ____          _            __ _ _
 /\\ / ___'_ __ _ _(_)_ __  __ _ \ \ \ \
( ( )\___ | '_ | '_| | '_ \/ _` | \ \ \ \
 \\/  ___)| |_)| | | | | || (_| |  ) ) ) )
  '  |____| .__|_| |_|_| |_\__, | / / / /
 =========|_|==============|___/=/_/_/_/

 :: Spring Boot ::                (v4.0.5)

2026-04-03T13:32:58.723+02:00  INFO 24892 --- [frontoffice] [           main] c.h.frontoffice.FrontofficeApplication   : Starting FrontofficeApplication using Java 17.0.12 with PID 24892 (C:\Users\jacop\OneDrive\Desktop\VSCODE\HealtRAD\backend\target\classes started by jacop in C:\Users\jacop\OneDrive\Desktop\VSCODE\HealtRAD\backend)
2026-04-03T13:32:58.723+02:00  INFO 24892 --- [frontoffice] [           main] c.h.frontoffice.FrontofficeApplication   : No active profile set, falling back to 1 default profile: "default"
2026-04-03T13:32:59.209+02:00  INFO 24892 --- [frontoffice] [           main] .s.d.r.c.RepositoryConfigurationDelegate : Bootstrapping Spring Data JPA repositories in DEFAULT mode.
2026-04-03T13:32:59.268+02:00  INFO 24892 --- [frontoffice] [           main] .s.d.r.c.RepositoryConfigurationDelegate : Finished Spring Data repository scanning in 40 ms. Found 7 JPA repository interfaces.
2026-04-03T13:32:59.693+02:00  INFO 24892 --- [frontoffice] [           main] o.s.boot.tomcat.TomcatWebServer          : Tomcat initialized with port 8080 (http)
2026-04-03T13:32:59.718+02:00  INFO 24892 --- [frontoffice] [           main] o.apache.catalina.core.StandardService   : Starting service [Tomcat]
2026-04-03T13:32:59.718+02:00  INFO 24892 --- [frontoffice] [           main] o.apache.catalina.core.StandardEngine    : Starting Servlet engine: [Apache Tomcat/11.0.20]
2026-04-03T13:32:59.758+02:00  INFO 24892 --- [frontoffice] [           main] b.w.c.s.WebApplicationContextInitializer : Root WebApplicationContext: initialization completed in 990 ms
2026-04-03T13:32:59.843+02:00  INFO 24892 --- [frontoffice] [           main] com.zaxxer.hikari.HikariDataSource       : HikariPool-1 - Starting...
2026-04-03T13:32:59.943+02:00  INFO 24892 --- [frontoffice] [           main] com.zaxxer.hikari.pool.HikariPool        : HikariPool-1 - Added connection com.mysql.cj.jdbc.ConnectionImpl@1a14fdf0
2026-04-03T13:32:59.950+02:00  INFO 24892 --- [frontoffice] [           main] com.zaxxer.hikari.HikariDataSource       : HikariPool-1 - Start completed.
2026-04-03T13:33:00.899+02:00  INFO 24892 --- [frontoffice] [           main] org.hibernate.orm.jpa                    : HHH008540: Processing PersistenceUnitInfo [name: default]
2026-04-03T13:33:00.924+02:00  INFO 24892 --- [frontoffice] [           main] org.hibernate.orm.core                   : HHH000001: Hibernate ORM core version 7.2.7.Final
2026-04-03T13:33:01.210+02:00  INFO 24892 --- [frontoffice] [           main] o.s.o.j.p.SpringPersistenceUnitInfo      : No LoadTimeWeaver setup: ignoring JPA class transformer
2026-04-03T13:33:01.274+02:00  WARN 24892 --- [frontoffice] [           main] org.hibernate.orm.deprecation            : HHH90000025: MySQLDialect does not need to be specified explicitly using 'hibernate.dialect' (remove the property setting and it will be selected by default)
2026-04-03T13:33:01.281+02:00  INFO 24892 --- [frontoffice] [           main] org.hibernate.orm.connections.pooling    : HHH10001005: Database info:
	Database JDBC URL [jdbc:mysql://localhost:3306/healthrad?createDatabaseIfNotExist=true&useSSL=false&allowPublicKeyRetrieval=true&serverTimezone=Europe/Rome]
	Database driver: MySQL Connector/J
	Database dialect: MySQLDialect
	Database version: 8.0.43
	Default catalog/schema: healthrad/undefined
	Autocommit mode: undefined/unknown
	Isolation level: REPEATABLE_READ [default REPEATABLE_READ]
	JDBC fetch size: none
	Pool: DataSourceConnectionProvider
	Minimum pool size: undefined/unknown
	Maximum pool size: undefined/unknown
2026-04-03T13:33:01.975+02:00  INFO 24892 --- [frontoffice] [           main] org.hibernate.orm.core                   : HHH000489: No JTA platform available (set 'hibernate.transaction.jta.platform' to enable JTA platform integration)
2026-04-03T13:33:01.990+02:00  INFO 24892 --- [frontoffice] [           main] j.LocalContainerEntityManagerFactoryBean : Initialized JPA EntityManagerFactory for persistence unit 'default'
2026-04-03T13:33:02.045+02:00  INFO 24892 --- [frontoffice] [           main] o.s.d.j.r.query.QueryEnhancerFactories   : Hibernate is in classpath; If applicable, HQL parser will be used.
2026-04-03T13:33:02.648+02:00  WARN 24892 --- [frontoffice] [           main] JpaBaseConfiguration$JpaWebConfiguration : spring.jpa.open-in-view is enabled by default. Therefore, database queries may be performed during view rendering. Explicitly configure spring.jpa.open-in-view to disable this warning
2026-04-03T13:33:02.708+02:00  WARN 24892 --- [frontoffice] [           main] .s.a.UserDetailsServiceAutoConfiguration : 

Using generated security password: 5da4e237-ef89-4fc1-a88d-a212fe6a352b

This generated password is for development use only. Your security configuration must be updated before running your application in production.

2026-04-03T13:33:02.717+02:00  INFO 24892 --- [frontoffice] [           main] r$InitializeUserDetailsManagerConfigurer : Global AuthenticationManager configured with UserDetailsService bean with name inMemoryUserDetailsManager
2026-04-03T13:33:03.026+02:00  INFO 24892 --- [frontoffice] [           main] o.s.boot.tomcat.TomcatWebServer          : Tomcat started on port 8080 (http) with context path '/'
2026-04-03T13:33:03.043+02:00  INFO 24892 --- [frontoffice] [           main] c.h.frontoffice.FrontofficeApplication   : Started FrontofficeApplication in 4.611 seconds (process running for 4.859)
2026-04-03T13:33:03.109+02:00  INFO 24892 --- [frontoffice] [           main] c.h.frontoffice.config.DataInitializer   : DataInitializer: sincronizzazione utenti con hash BCrypt aggiornato...
2026-04-03T13:33:03.190+02:00  INFO 24892 --- [frontoffice] [           main] c.h.frontoffice.config.DataInitializer   : Sincronizzato: frontoffice@healthrad.it con nuovo hash
2026-04-03T13:33:03.200+02:00  INFO 24892 --- [frontoffice] [           main] c.h.frontoffice.config.DataInitializer   : Sincronizzato: medico1@healthrad.it
2026-04-03T13:33:03.209+02:00  INFO 24892 --- [frontoffice] [           main] c.h.frontoffice.config.DataInitializer   : Sincronizzato: medico2@healthrad.it
2026-04-03T13:33:03.224+02:00  INFO 24892 --- [frontoffice] [           main] c.h.frontoffice.config.DataInitializer   : Sincronizzato: medico3@healthrad.it
2026-04-03T13:33:03.233+02:00  INFO 24892 --- [frontoffice] [           main] c.h.frontoffice.config.DataInitializer   : Sincronizzato: cliente@example.com
2026-04-03T13:33:03.233+02:00  INFO 24892 --- [frontoffice] [           main] c.h.frontoffice.config.DataInitializer   : DataInitializer: inserimento turni e associazioni RAT/RDT diversificate...
2026-04-03T13:33:03.458+02:00  INFO 24892 --- [frontoffice] [           main] c.h.frontoffice.config.DataInitializer   : Turni RAT/RDT inizializzati con successo per medici diversi.
2026-04-03T13:33:03.458+02:00  INFO 24892 --- [frontoffice] [           main] c.h.frontoffice.config.DataInitializer   : DataInitializer completato. Password di test: 'password'
